SF:lib\app\cubit\root_cubit.dart
DA:13,1
DA:14,1
DA:15,1
DA:26,1
DA:27,1
DA:28,1
DA:34,5
DA:35,1
DA:36,1
DA:42,2
DA:43,1
DA:44,1
DA:47,1
DA:53,1
DA:57,2
DA:61,2
DA:62,1
DA:63,1
DA:65,2
DA:68,1
DA:70,1
DA:71,1
DA:74,1
DA:77,1
DA:80,1
DA:88,2
DA:95,1
DA:99,2
DA:103,2
DA:104,1
DA:105,1
DA:107,2
DA:110,1
DA:112,1
DA:113,1
DA:116,1
DA:119,1
DA:122,1
DA:125,1
DA:132,2
DA:139,1
DA:140,2
DA:143,1
DA:144,2
DA:147,1
DA:149,2
DA:150,1
LF:47
LH:47
end_of_record
SF:lib\app\domain\repositories\root_repository.dart
DA:5,1
DA:9,1
DA:13,2
DA:16,1
DA:17,2
DA:20,1
DA:21,2
DA:24,1
DA:25,2
LF:9
LH:9
end_of_record
SF:lib\app\domain\repositories\user_repository.dart
DA:6,1
DA:10,1
DA:11,3
DA:12,2
DA:13,1
DA:14,1
DA:15,1
DA:16,1
DA:34,1
DA:35,2
DA:38,1
DA:39,2
DA:42,1
DA:43,2
DA:46,1
DA:47,2
LF:16
LH:16
end_of_record
SF:lib\app\domain\models\item_model.dart
DA:9,5
DA:19,1
DA:20,5
DA:23,1
DA:24,3
LF:5
LH:5
end_of_record
SF:lib\app\domain\models\photos_model.dart
DA:8,5
DA:19,1
DA:20,3
LF:3
LH:3
end_of_record
SF:lib\app\domain\models\quotes_model.dart
DA:16,1
DA:17,1
LF:2
LH:2
end_of_record
SF:lib\app\domain\models\stories_model.dart
DA:16,1
DA:17,1
LF:2
LH:2
end_of_record

SF:lib\app\domain\models\weather_model.dart
DA:13,1
DA:14,1
DA:23,1
DA:24,1
DA:29,3
DA:37,1
DA:38,2
DA:41,1
DA:42,1
LF:9
LH:9
end_of_record
SF:lib\app\domain\repositories\items_repository.dart
DA:8,1
DA:11,1
DA:12,4
DA:14,3
DA:15,1
DA:16,1
DA:17,1
DA:18,2
DA:19,1
DA:21,1
DA:25,1
DA:26,2
DA:29,1
DA:30,2
DA:31,1
DA:32,1
DA:33,1
DA:34,1
DA:35,2
DA:36,1
DA:40,1
DA:47,2
DA:51,1
DA:55,2
DA:58,1
DA:59,2
LF:26
LH:26
end_of_record
SF:lib\app\domain\repositories\photos_repository.dart
DA:7,1
DA:11,1
DA:12,4
DA:14,3
DA:15,1
DA:16,1
DA:17,1
DA:18,2
DA:19,1
DA:20,1
DA:21,1
DA:23,1
DA:27,1
DA:33,2
DA:36,1
DA:37,2
DA:40,1
DA:41,2
DA:42,1
DA:43,1
DA:44,1
DA:45,1
DA:46,2
DA:47,1
DA:48,1
DA:49,1
DA:53,1
DA:61,2
DA:65,1
DA:66,2
LF:30
LH:30
end_of_record
SF:lib\app\domain\repositories\plans_repository.dart
DA:5,1
DA:9,1
DA:10,4
DA:12,1
DA:13,2
DA:14,1
DA:15,1
DA:16,1
DA:19,1
DA:23,1
DA:24,2
DA:25,1
DA:26,1
DA:27,1
DA:28,1
DA:32,1
DA:36,2
LF:17
LH:17
end_of_record
SF:lib\app\domain\repositories\quotes_repository.dart
DA:5,1
DA:9,1
DA:10,2
LF:3
LH:3
end_of_record
SF:lib\app\domain\repositories\stories_repository.dart
DA:5,1
DA:9,1
DA:10,2
DA:12,5
LF:4
LH:4
end_of_record
SF:lib\app\domain\repositories\tasks_repository.dart
DA:5,1
DA:9,1
DA:10,4
DA:12,3
DA:13,1
DA:14,1
DA:15,1
DA:17,1
DA:21,1
DA:24,2
DA:27,1
DA:28,2
DA:31,1
DA:33,2
DA:34,1
DA:35,1
DA:36,1
DA:37,1
DA:41,1
DA:45,2
LF:20
LH:20
end_of_record
SF:lib\app\domain\repositories\water_repository.dart
DA:5,1
DA:9,1
DA:10,5
DA:11,1
DA:12,1
DA:16,1
DA:17,2
DA:20,1
DA:21,2
DA:23,1
DA:24,1
DA:25,1
LF:12
LH:12
end_of_record
SF:lib\app\domain\repositories\weather_repository.dart
DA:5,1
DA:9,1
DA:12,2
LF:3
LH:3
end_of_record
SF:lib\app\features\add_page\cubit\add_cubit.dart
DA:9,3
DA:13,1
DA:20,2
DA:24,2
DA:26,1
DA:27,1
DA:30,2
DA:32,1
DA:37,1
DA:38,2
LF:10
LH:10
end_of_record
SF:lib\app\features\daily_plan\cubit\daily_plan_cubit.dart
DA:9,1
DA:10,2
DA:18,1
DA:19,1
DA:20,1
DA:24,4
DA:25,1
DA:26,2
DA:32,2
DA:33,2
DA:34,1
DA:38,1
DA:42,2
DA:46,2
DA:48,1
DA:49,1
DA:52,1
DA:53,2
DA:57,1
DA:59,2
DA:60,1
LF:21
LH:21
end_of_record
SF:lib\app\features\details\cubit\details_cubit.dart
DA:15,1
DA:17,2
DA:25,1
DA:26,2
DA:27,2
DA:28,1
DA:29,1
DA:36,1
DA:37,1
DA:38,1
DA:42,4
DA:43,1
DA:44,2
DA:50,2
DA:51,1
DA:52,2
DA:56,1
DA:60,2
DA:62,2
DA:63,2
DA:64,1
DA:65,1
DA:72,2
DA:74,1
DA:78,1
DA:80,2
DA:81,1
LF:27
LH:27
end_of_record
SF:lib\app\features\details_photo\cubit\details_photo_cubit.dart
DA:9,1
DA:10,1
DA:11,1
DA:23,1
DA:24,2
DA:25,2
DA:26,1
DA:27,1
DA:36,1
DA:37,1
DA:38,1
DA:43,1
DA:44,4
DA:45,1
DA:46,1
DA:53,2
DA:54,1
DA:55,1
DA:57,1
DA:63,1
DA:70,2
DA:71,2
DA:72,2
DA:74,1
DA:75,1
DA:81,2
DA:82,1
DA:88,1
DA:90,2
DA:91,1
LF:30
LH:30
end_of_record
SF:lib\app\features\diaries\cubit\diares_cubit.dart
DA:9,1
DA:10,1
DA:11,1
DA:18,1
DA:19,1
DA:20,1
DA:24,4
DA:25,1
DA:26,2
DA:28,1
DA:29,1
DA:30,1
DA:31,1
DA:33,1
DA:40,1
DA:42,2
DA:44,1
DA:45,1
DA:47,1
DA:53,1
DA:55,2
DA:56,1
LF:22
LH:22
end_of_record
SF:lib\app\features\login\cubit\user_cubit.dart
DA:10,3
DA:16,1
DA:17,2
DA:20,5
DA:21,1
DA:22,1
DA:25,2
DA:26,1
DA:27,1
DA:30,1
DA:36,1
DA:40,2
DA:41,2
DA:43,2
DA:45,1
DA:50,1
DA:54,2
DA:55,2
DA:57,2
DA:59,1
DA:64,1
DA:68,2
DA:69,2
DA:71,2
DA:73,1
DA:78,1
DA:79,2
DA:82,1
DA:84,2
DA:85,1
LF:30
LH:30
end_of_record
SF:lib\app\features\quotes\cubit\quotes_cubit.dart
DA:7,3
DA:11,1
DA:12,1
DA:13,1
DA:18,2
DA:19,1
DA:20,1
DA:26,2
DA:27,1
LF:9
LH:9
end_of_record
SF:lib\app\features\stories\cubit\stories_cubit.dart
DA:7,3
DA:11,1
DA:12,1
DA:13,1
DA:18,2
DA:19,1
DA:20,1
DA:26,1
DA:27,1
DA:28,1
LF:10
LH:10
end_of_record
SF:lib\app\features\to_do_list\cubit\to_do_list_cubit.dart
DA:10,3
DA:16,1
DA:17,2
DA:18,4
DA:19,1
DA:20,2
DA:25,1
DA:26,1
DA:27,1
DA:28,1
DA:29,1
DA:37,1
DA:41,2
DA:43,2
DA:44,1
DA:45,1
DA:47,1
DA:49,3
DA:53,1
DA:55,2
DA:56,2
DA:57,1
DA:59,1
DA:60,2
DA:65,1
DA:67,2
DA:69,1
DA:70,2
DA:72,1
DA:76,1
DA:78,2
DA:79,1
LF:32
LH:32
end_of_record
SF:lib\app\features\training\add_photos\cubit\add_photo_cubit.dart
DA:8,3
DA:12,1
DA:20,2
DA:22,2
DA:24,1
DA:25,1
DA:28,3
DA:32,1
DA:33,2
LF:9
LH:9
end_of_record
SF:lib\app\features\training\cubit\training_cubit.dart
DA:9,3
DA:15,1
DA:16,2
DA:17,4
DA:18,1
DA:19,2
DA:21,1
DA:22,1
DA:23,2
DA:31,1
DA:32,2
DA:35,2
DA:36,1
DA:37,1
DA:43,2
DA:50,1
DA:51,2
DA:53,2
DA:55,1
DA:56,1
DA:61,1
DA:63,2
DA:64,1
LF:23
LH:23
end_of_record
SF:lib\app\features\water\cubit\water_cubit.dart
DA:10,1
DA:11,3
DA:17,1
DA:18,2
DA:21,4
DA:22,1
DA:23,2
DA:28,2
DA:29,1
DA:30,1
DA:35,1
DA:36,2
DA:38,2
DA:39,1
DA:40,2
DA:43,1
DA:44,1
DA:52,1
DA:54,2
DA:55,1
LF:20
LH:20
end_of_record
SF:lib\app\features\weather\cubit\weather_cubit.dart
DA:11,3
DA:15,1
DA:18,2
DA:20,2
DA:21,1
DA:22,1
DA:28,1
DA:29,1
DA:31,1
LF:9
LH:9
end_of_record
